2024-02-24 00:39:44.558  INFO 47099 --- [MessageBroker-8] o.s.w.s.c.WebSocketMessageBrokerStats    : WebSocketSession[1 current WS(1)-HttpStream(0)-HttpPoll(0), 1 total, 0 closed abnormally (0 connect failure, 0 send limit, 0 transport error)], stompSubProtocol[processed CONNECT(1)-CONNECTED(1)-DISCONNECT(0)], stompBrokerRelay[null], inboundChannel[pool size = 0, active threads = 0, queued tasks = 0, completed tasks = 30], outboundChannel[pool size = 0, active threads = 0, queued tasks = 0, completed tasks = 6], sockJsScheduler[pool size = 8, active threads = 1, queued tasks = 2, completed tasks = 1699]
2024-02-24 02:13:26.328  INFO 47099 --- [MessageBroker-4] o.s.w.s.c.WebSocketMessageBrokerStats    : WebSocketSession[1 current WS(1)-HttpStream(0)-HttpPoll(0), 1 total, 0 closed abnormally (0 connect failure, 0 send limit, 0 transport error)], stompSubProtocol[processed CONNECT(1)-CONNECTED(1)-DISCONNECT(0)], stompBrokerRelay[null], inboundChannel[pool size = 0, active threads = 0, queued tasks = 0, completed tasks = 30], outboundChannel[pool size = 0, active threads = 0, queued tasks = 0, completed tasks = 6], sockJsScheduler[pool size = 8, active threads = 1, queued tasks = 2, completed tasks = 2132]
2024-02-24 03:02:15.341  INFO 47099 --- [MessageBroker-7] o.s.w.s.c.WebSocketMessageBrokerStats    : WebSocketSession[1 current WS(1)-HttpStream(0)-HttpPoll(0), 1 total, 0 closed abnormally (0 connect failure, 0 send limit, 0 transport error)], stompSubProtocol[processed CONNECT(1)-CONNECTED(1)-DISCONNECT(0)], stompBrokerRelay[null], inboundChannel[pool size = 0, active threads = 0, queued tasks = 0, completed tasks = 30], outboundChannel[pool size = 0, active threads = 0, queued tasks = 0, completed tasks = 6], sockJsScheduler[pool size = 8, active threads = 1, queued tasks = 2, completed tasks = 2565]
2024-02-24 03:32:15.372  INFO 47099 --- [MessageBroker-6] o.s.w.s.c.WebSocketMessageBrokerStats    : WebSocketSession[1 current WS(1)-HttpStream(0)-HttpPoll(0), 1 total, 0 closed abnormally (0 connect failure, 0 send limit, 0 transport error)], stompSubProtocol[processed CONNECT(1)-CONNECTED(1)-DISCONNECT(0)], stompBrokerRelay[null], inboundChannel[pool size = 0, active threads = 0, queued tasks = 0, completed tasks = 30], outboundChannel[pool size = 0, active threads = 0, queued tasks = 0, completed tasks = 6], sockJsScheduler[pool size = 8, active threads = 1, queued tasks = 2, completed tasks = 2998]
2024-02-24 04:17:44.765  INFO 47099 --- [MessageBroker-4] o.s.w.s.c.WebSocketMessageBrokerStats    : WebSocketSession[1 current WS(1)-HttpStream(0)-HttpPoll(0), 1 total, 0 closed abnormally (0 connect failure, 0 send limit, 0 transport error)], stompSubProtocol[processed CONNECT(1)-CONNECTED(1)-DISCONNECT(0)], stompBrokerRelay[null], inboundChannel[pool size = 0, active threads = 0, queued tasks = 0, completed tasks = 30], outboundChannel[pool size = 0, active threads = 0, queued tasks = 0, completed tasks = 6], sockJsScheduler[pool size = 8, active threads = 1, queued tasks = 2, completed tasks = 3431]
2024-02-24 06:24:35.716  INFO 47099 --- [MessageBroker-7] o.s.w.s.c.WebSocketMessageBrokerStats    : WebSocketSession[1 current WS(1)-HttpStream(0)-HttpPoll(0), 1 total, 0 closed abnormally (0 connect failure, 0 send limit, 0 transport error)], stompSubProtocol[processed CONNECT(1)-CONNECTED(1)-DISCONNECT(0)], stompBrokerRelay[null], inboundChannel[pool size = 0, active threads = 0, queued tasks = 0, completed tasks = 30], outboundChannel[pool size = 0, active threads = 0, queued tasks = 0, completed tasks = 6], sockJsScheduler[pool size = 8, active threads = 1, queued tasks = 2, completed tasks = 3864]
2024-02-24 07:48:38.049  INFO 47099 --- [MessageBroker-7] o.s.w.s.c.WebSocketMessageBrokerStats    : WebSocketSession[1 current WS(1)-HttpStream(0)-HttpPoll(0), 1 total, 0 closed abnormally (0 connect failure, 0 send limit, 0 transport error)], stompSubProtocol[processed CONNECT(1)-CONNECTED(1)-DISCONNECT(0)], stompBrokerRelay[null], inboundChannel[pool size = 0, active threads = 0, queued tasks = 0, completed tasks = 30], outboundChannel[pool size = 0, active threads = 0, queued tasks = 0, completed tasks = 6], sockJsScheduler[pool size = 8, active threads = 1, queued tasks = 2, completed tasks = 4297]
2024-02-24 10:06:00.268  INFO 47099 --- [MessageBroker-2] o.s.w.s.c.WebSocketMessageBrokerStats    : WebSocketSession[1 current WS(1)-HttpStream(0)-HttpPoll(0), 1 total, 0 closed abnormally (0 connect failure, 0 send limit, 0 transport error)], stompSubProtocol[processed CONNECT(1)-CONNECTED(1)-DISCONNECT(0)], stompBrokerRelay[null], inboundChannel[pool size = 0, active threads = 0, queued tasks = 0, completed tasks = 30], outboundChannel[pool size = 0, active threads = 0, queued tasks = 0, completed tasks = 6], sockJsScheduler[pool size = 8, active threads = 1, queued tasks = 2, completed tasks = 4730]
2024-02-24 12:15:41.232  INFO 47099 --- [MessageBroker-8] o.s.w.s.c.WebSocketMessageBrokerStats    : WebSocketSession[1 current WS(1)-HttpStream(0)-HttpPoll(0), 1 total, 0 closed abnormally (0 connect failure, 0 send limit, 0 transport error)], stompSubProtocol[processed CONNECT(1)-CONNECTED(1)-DISCONNECT(0)], stompBrokerRelay[null], inboundChannel[pool size = 0, active threads = 0, queued tasks = 0, completed tasks = 30], outboundChannel[pool size = 0, active threads = 0, queued tasks = 0, completed tasks = 6], sockJsScheduler[pool size = 8, active threads = 1, queued tasks = 2, completed tasks = 5163]
2024-02-24 13:17:46.273  INFO 47099 --- [MessageBroker-3] o.s.w.s.c.WebSocketMessageBrokerStats    : WebSocketSession[1 current WS(1)-HttpStream(0)-HttpPoll(0), 1 total, 0 closed abnormally (0 connect failure, 0 send limit, 0 transport error)], stompSubProtocol[processed CONNECT(1)-CONNECTED(1)-DISCONNECT(0)], stompBrokerRelay[null], inboundChannel[pool size = 0, active threads = 0, queued tasks = 0, completed tasks = 30], outboundChannel[pool size = 0, active threads = 0, queued tasks = 0, completed tasks = 6], sockJsScheduler[pool size = 8, active threads = 1, queued tasks = 2, completed tasks = 5596]
2024-02-24 13:52:18.232  INFO 47099 --- [MessageBroker-2] o.s.w.s.c.WebSocketMessageBrokerStats    : WebSocketSession[1 current WS(1)-HttpStream(0)-HttpPoll(0), 1 total, 0 closed abnormally (0 connect failure, 0 send limit, 0 transport error)], stompSubProtocol[processed CONNECT(1)-CONNECTED(1)-DISCONNECT(0)], stompBrokerRelay[null], inboundChannel[pool size = 0, active threads = 0, queued tasks = 0, completed tasks = 30], outboundChannel[pool size = 0, active threads = 0, queued tasks = 0, completed tasks = 6], sockJsScheduler[pool size = 8, active threads = 1, queued tasks = 2, completed tasks = 6029]
2024-02-24 16:04:54.663  INFO 47099 --- [MessageBroker-7] o.s.w.s.c.WebSocketMessageBrokerStats    : WebSocketSession[1 current WS(1)-HttpStream(0)-HttpPoll(0), 1 total, 0 closed abnormally (0 connect failure, 0 send limit, 0 transport error)], stompSubProtocol[processed CONNECT(1)-CONNECTED(1)-DISCONNECT(0)], stompBrokerRelay[null], inboundChannel[pool size = 0, active threads = 0, queued tasks = 0, completed tasks = 30], outboundChannel[pool size = 0, active threads = 0, queued tasks = 0, completed tasks = 6], sockJsScheduler[pool size = 8, active threads = 1, queued tasks = 2, completed tasks = 6462]
2024-02-24 16:26:32.885  WARN 47099 --- [Thread-2] client-thread Ewoud                      : Server exception: Connection reset, disconnecting client
2024-02-24 16:26:33.923  WARN 47099 --- [Thread-3] client-thread Gustavo                    : Server exception: Connection reset, disconnecting client
2024-02-24 16:26:42.138  INFO 47099 --- [main] main                                     : new client connected from /127.0.0.1:51076
2024-02-24 16:27:45.558  INFO 47099 --- [main] main                                     : new client connected from /127.0.0.1:51111
2024-02-24 16:27:51.566  INFO 47099 --- [Thread-13] client-thread <not logged in>            : issues command: 'login Gustavo'
2024-02-24 16:27:51.576  INFO 47099 --- [Thread-13] login-command                            : reviving Gustavo from offline player list! Welcome back.
2024-02-24 16:27:55.151  INFO 47099 --- [Thread-12] client-thread <not logged in>            : issues command: 'login Ewoud'
2024-02-24 16:27:55.152  INFO 47099 --- [Thread-12] login-command                            : reviving Ewoud from offline player list! Welcome back.
2024-02-24 16:27:56.237  INFO 47099 --- [Thread-12] client-thread Ewoud                      : issues command: 'subscribe battleship'
2024-02-24 16:27:58.714  INFO 47099 --- [Thread-13] client-thread Gustavo                    : issues command: 'subscribe battleship'
2024-02-24 16:27:58.735  INFO 47099 --- [Thread-13] game [2,Ewoud,Gustavo]                   : started
2024-02-24 16:28:06.446  INFO 47099 --- [Thread-12] client-thread Ewoud                      : issues command: 'place 10 15'
2024-02-24 16:28:11.445  INFO 47099 --- [Thread-12] client-thread Ewoud                      : issues command: 'place 41 44'
2024-02-24 16:28:16.397  INFO 47099 --- [Thread-12] client-thread Ewoud                      : issues command: 'place 27 29'
2024-02-24 16:28:21.608  INFO 47099 --- [Thread-12] client-thread Ewoud                      : issues command: 'place 24 25'
2024-02-24 16:28:30.489  INFO 47099 --- [Thread-13] client-thread Gustavo                    : issues command: 'place 10 15'
2024-02-24 16:28:35.862  INFO 47099 --- [Thread-13] client-thread Gustavo                    : issues command: 'place 41 44'
2024-02-24 16:28:42.378  INFO 47099 --- [Thread-13] client-thread Gustavo                    : issues command: 'place 27 29'
2024-02-24 16:28:45.997  INFO 47099 --- [Thread-13] client-thread Gustavo                    : issues command: 'place 24 25'
2024-02-24 16:29:15.565  INFO 47099 --- [Thread-12] client-thread Ewoud                      : issues command: 'move 25'
2024-02-24 16:29:23.733  INFO 47099 --- [Thread-13] client-thread Gustavo                    : issues command: 'move 25'
2024-02-24 16:29:36.967  INFO 47099 --- [Thread-12] game [2,Ewoud,Gustavo]                   : winner: Gustavo; Player disconnected
2024-02-24 16:34:54.658  INFO 47099 --- [MessageBroker-3] o.s.w.s.c.WebSocketMessageBrokerStats    : WebSocketSession[1 current WS(1)-HttpStream(0)-HttpPoll(0), 1 total, 0 closed abnormally (0 connect failure, 0 send limit, 0 transport error)], stompSubProtocol[processed CONNECT(1)-CONNECTED(1)-DISCONNECT(0)], stompBrokerRelay[null], inboundChannel[pool size = 0, active threads = 0, queued tasks = 0, completed tasks = 36], outboundChannel[pool size = 0, active threads = 0, queued tasks = 0, completed tasks = 19], sockJsScheduler[pool size = 8, active threads = 1, queued tasks = 2, completed tasks = 6893]
2024-02-24 16:46:27.689  INFO 47099 --- [main] main                                     : new client connected from /127.0.0.1:51406
2024-02-24 16:46:30.968  INFO 47099 --- [main] main                                     : new client connected from /127.0.0.1:51411
2024-02-24 16:46:33.293  INFO 47099 --- [Thread-19] client-thread <not logged in>            : issues command: 'login Gustavo'
2024-02-24 16:46:33.296  INFO 47099 --- [Thread-19] login-command                            : reviving Gustavo from offline player list! Welcome back.
2024-02-24 16:46:36.056  INFO 47099 --- [Thread-20] client-thread <not logged in>            : issues command: 'login Ewoud'
2024-02-24 16:46:36.056  INFO 47099 --- [Thread-20] login-command                            : reviving Ewoud from offline player list! Welcome back.
2024-02-24 16:46:38.070  INFO 47099 --- [Thread-19] client-thread Gustavo                    : issues command: 'subscribe battleship'
2024-02-24 16:46:40.854  INFO 47099 --- [Thread-20] client-thread Ewoud                      : issues command: 'subscribe battleship'
2024-02-24 16:46:40.863  INFO 47099 --- [Thread-20] game [3,Gustavo,Ewoud]                   : started
2024-02-24 16:46:55.920  INFO 47099 --- [Thread-19] game [3,Gustavo,Ewoud]                   : winner: Ewoud; Player disconnected
2024-02-24 16:47:01.425  WARN 47099 --- [Thread-20] client-thread Ewoud                      : Server exception: Connection reset, disconnecting client
2024-02-24 16:50:56.765  INFO 47099 --- [main] main                                     : new client connected from /127.0.0.1:51451
2024-02-24 16:51:00.103  INFO 47099 --- [main] main                                     : new client connected from /127.0.0.1:51456
2024-02-24 16:51:03.949  INFO 47099 --- [Thread-22] client-thread <not logged in>            : issues command: 'login Gustavo'
2024-02-24 16:51:03.950  INFO 47099 --- [Thread-22] login-command                            : reviving Gustavo from offline player list! Welcome back.
2024-02-24 16:51:08.036  INFO 47099 --- [Thread-23] client-thread <not logged in>            : issues command: 'login Gustavo'
2024-02-24 16:51:08.042  INFO 47099 --- [Thread-23] client-thread <not logged in>            : command exception: 'duplicate name exists'
2024-02-24 16:51:10.686  INFO 47099 --- [Thread-23] client-thread <not logged in>            : issues command: 'login Ewoud'
2024-02-24 16:51:10.688  INFO 47099 --- [Thread-23] login-command                            : reviving Ewoud from offline player list! Welcome back.
2024-02-24 16:51:13.121  INFO 47099 --- [Thread-22] client-thread Gustavo                    : issues command: 'subscribe battleship'
2024-02-24 16:51:16.815  INFO 47099 --- [Thread-23] client-thread Ewoud                      : issues command: 'subscribe battleship'
2024-02-24 16:51:16.820  INFO 47099 --- [Thread-23] game [4,Ewoud,Gustavo]                   : started
2024-02-24 16:53:05.451  INFO 47099 --- [main] main                                     : new client connected from /127.0.0.1:51475
2024-02-24 16:53:10.780  INFO 47099 --- [Thread-25] client-thread <not logged in>            : issues command: 'login Gustavo'
2024-02-24 16:53:10.780  INFO 47099 --- [Thread-25] client-thread <not logged in>            : command exception: 'duplicate name exists'
2024-02-24 16:53:15.964  INFO 47099 --- [Thread-22] game [4,Ewoud,Gustavo]                   : winner: Ewoud; Player disconnected
2024-02-24 16:53:17.631  WARN 47099 --- [Thread-23] client-thread Ewoud                      : Server exception: Connection reset, disconnecting client
2024-02-24 16:53:21.851  INFO 47099 --- [Thread-25] client-thread <not logged in>            : issues command: 'login Gustavo'
2024-02-24 16:53:21.852  INFO 47099 --- [Thread-25] login-command                            : reviving Gustavo from offline player list! Welcome back.
2024-02-24 16:53:23.816  INFO 47099 --- [Thread-25] client-thread Gustavo                    : issues command: 'subscribe battleship'
2024-02-24 16:53:27.845  INFO 47099 --- [main] main                                     : new client connected from /127.0.0.1:51483
2024-02-24 16:53:31.111  INFO 47099 --- [Thread-26] client-thread <not logged in>            : issues command: 'login Ewoud'
2024-02-24 16:53:31.112  INFO 47099 --- [Thread-26] login-command                            : reviving Ewoud from offline player list! Welcome back.
2024-02-24 16:53:32.062  INFO 47099 --- [Thread-26] client-thread Ewoud                      : issues command: 'subscribe battleship'
2024-02-24 16:53:32.066  INFO 47099 --- [Thread-26] game [5,Ewoud,Gustavo]                   : started
2024-02-24 16:53:42.474  INFO 47099 --- [Thread-26] client-thread Ewoud                      : issues command: 'place 10 15'
2024-02-24 16:54:37.222  INFO 47099 --- [Thread-25] game [5,Ewoud,Gustavo]                   : winner: Ewoud; Player disconnected
2024-02-24 16:54:42.444  INFO 47099 --- [main] main                                     : new client connected from /127.0.0.1:51500
2024-02-24 16:54:45.562  INFO 47099 --- [main] main                                     : new client connected from /127.0.0.1:51506
2024-02-24 16:54:47.768  INFO 47099 --- [Thread-28] client-thread <not logged in>            : issues command: 'login Gus'
2024-02-24 16:54:48.906  INFO 47099 --- [Thread-28] client-thread Gus                        : issues command: 'subscribe battleship'
2024-02-24 16:54:53.401  INFO 47099 --- [Thread-29] client-thread <not logged in>            : issues command: 'login Woud'
2024-02-24 16:54:54.160  INFO 47099 --- [Thread-29] client-thread Woud                       : issues command: 'subscribe battleship'
2024-02-24 16:54:54.167  INFO 47099 --- [Thread-29] game [6,Gus,Woud]                        : started
2024-02-24 16:55:36.629  INFO 47099 --- [Thread-28] game [6,Gus,Woud]                        : winner: Woud; Player disconnected
2024-02-24 16:55:42.352  INFO 47099 --- [main] main                                     : new client connected from /127.0.0.1:51518
2024-02-24 16:55:45.503  INFO 47099 --- [main] main                                     : new client connected from /127.0.0.1:51523
2024-02-24 16:55:47.601  INFO 47099 --- [Thread-31] client-thread <not logged in>            : issues command: 'login Gus'
2024-02-24 16:55:47.602  INFO 47099 --- [Thread-31] login-command                            : reviving Gus from offline player list! Welcome back.
2024-02-24 16:55:48.418  INFO 47099 --- [Thread-31] client-thread Gus                        : issues command: 'subscribe battleship'
2024-02-24 16:55:52.351  INFO 47099 --- [Thread-32] client-thread <not logged in>            : issues command: 'login Ew'
2024-02-24 16:55:53.810  INFO 47099 --- [Thread-32] client-thread Ew                         : issues command: 'subscribe battleship'
2024-02-24 16:55:53.813  INFO 47099 --- [Thread-32] game [7,Gus,Ew]                          : started
2024-02-24 16:56:04.079  INFO 47099 --- [Thread-31] client-thread Gus                        : issues command: 'place 10 15'
2024-02-24 16:56:19.996  INFO 47099 --- [Thread-31] client-thread Gus                        : issues command: 'place 41 44'
2024-02-24 16:56:20.358  INFO 47099 --- [Thread-31] game [7,Gus,Ew]                          : winner: Ew; Player disconnected
2024-02-24 17:02:16.196  INFO 47099 --- [main] main                                     : new client connected from /127.0.0.1:51580
2024-02-24 17:02:18.714  INFO 47099 --- [main] main                                     : new client connected from /127.0.0.1:51584
2024-02-24 17:02:28.283  INFO 47099 --- [Thread-35] client-thread <not logged in>            : issues command: 'login Gustavo'
2024-02-24 17:02:28.284  INFO 47099 --- [Thread-35] login-command                            : reviving Gustavo from offline player list! Welcome back.
2024-02-24 17:02:29.573  INFO 47099 --- [Thread-35] client-thread Gustavo                    : issues command: 'subscribe battleship'
2024-02-24 17:02:34.475  INFO 47099 --- [Thread-34] client-thread <not logged in>            : issues command: 'login Ewoud'
2024-02-24 17:02:34.476  INFO 47099 --- [Thread-34] login-command                            : reviving Ewoud from offline player list! Welcome back.
2024-02-24 17:02:35.760  INFO 47099 --- [Thread-34] client-thread Ewoud                      : issues command: 'subscribe battleship'
2024-02-24 17:02:35.782  INFO 47099 --- [Thread-34] game [8,Ewoud,Gustavo]                   : started
2024-02-24 17:02:47.065  INFO 47099 --- [Thread-34] client-thread Ewoud                      : issues command: 'place 10 15'
2024-02-24 17:02:52.958  INFO 47099 --- [Thread-34] client-thread Ewoud                      : issues command: 'place 41 44'
2024-02-24 17:02:58.139  INFO 47099 --- [Thread-34] client-thread Ewoud                      : issues command: 'place 27 29'
2024-02-24 17:03:02.013  INFO 47099 --- [Thread-34] client-thread Ewoud                      : issues command: 'place 24 25'
2024-02-24 17:03:12.477  INFO 47099 --- [Thread-35] client-thread Gustavo                    : issues command: 'place 10 15'
2024-02-24 17:03:17.267  INFO 47099 --- [Thread-35] client-thread Gustavo                    : issues command: 'place 41 44'
2024-02-24 17:03:21.632  INFO 47099 --- [Thread-35] client-thread Gustavo                    : issues command: 'place 27 29'
2024-02-24 17:03:26.468  INFO 47099 --- [Thread-35] client-thread Gustavo                    : issues command: 'place 24 25'
2024-02-24 17:03:50.175  INFO 47099 --- [Thread-34] client-thread Ewoud                      : issues command: 'move 25'
2024-02-24 17:03:57.631  INFO 47099 --- [Thread-35] client-thread Gustavo                    : issues command: 'move 30'
2024-02-24 17:05:23.649  INFO 47099 --- [Thread-34] game [8,Ewoud,Gustavo]                   : winner: Gustavo; Player disconnected
2024-02-24 17:05:29.602  INFO 47099 --- [main] main                                     : new client connected from /127.0.0.1:51626
2024-02-24 17:05:32.097  INFO 47099 --- [main] main                                     : new client connected from /127.0.0.1:51630
2024-02-24 17:05:34.376  INFO 47099 --- [Thread-41] client-thread <not logged in>            : issues command: 'login Gus'
2024-02-24 17:05:34.376  INFO 47099 --- [Thread-41] login-command                            : reviving Gus from offline player list! Welcome back.
2024-02-24 17:05:36.072  INFO 47099 --- [Thread-41] client-thread Gus                        : issues command: 'subscribe battleship'
2024-02-24 17:05:39.133  INFO 47099 --- [Thread-42] client-thread <not logged in>            : issues command: 'login Col'
2024-02-24 17:05:39.740  INFO 47099 --- [Thread-42] client-thread Col                        : issues command: 'subscribe battleship'
2024-02-24 17:05:39.743  INFO 47099 --- [Thread-42] game [9,Col,Gus]                         : started
2024-02-24 17:05:47.922  INFO 47099 --- [Thread-42] client-thread Col                        : issues command: 'place 10 15'
2024-02-24 17:05:55.941  INFO 47099 --- [Thread-42] client-thread Col                        : issues command: 'place 41 44'
2024-02-24 17:05:56.922  INFO 47099 --- [MessageBroker-8] o.s.w.s.c.WebSocketMessageBrokerStats    : WebSocketSession[1 current WS(1)-HttpStream(0)-HttpPoll(0), 1 total, 0 closed abnormally (0 connect failure, 0 send limit, 0 transport error)], stompSubProtocol[processed CONNECT(1)-CONNECTED(1)-DISCONNECT(0)], stompBrokerRelay[null], inboundChannel[pool size = 0, active threads = 0, queued tasks = 0, completed tasks = 66], outboundChannel[pool size = 8, active threads = 0, queued tasks = 0, completed tasks = 76], sockJsScheduler[pool size = 8, active threads = 1, queued tasks = 2, completed tasks = 7316]
2024-02-24 17:06:00.307  INFO 47099 --- [Thread-42] client-thread Col                        : issues command: 'place 27 29'
2024-02-24 17:06:09.051  INFO 47099 --- [Thread-42] client-thread Col                        : issues command: 'place 24 25'
2024-02-24 17:06:14.547  INFO 47099 --- [Thread-41] client-thread Gus                        : issues command: 'place 10 15'
2024-02-24 17:06:20.295  INFO 47099 --- [Thread-41] client-thread Gus                        : issues command: 'place 41 44'
2024-02-24 17:06:23.701  INFO 47099 --- [Thread-41] client-thread Gus                        : issues command: 'place 27 29'
2024-02-24 17:06:29.019  INFO 47099 --- [Thread-41] client-thread Gus                        : issues command: 'place 24 25'
2024-02-24 17:06:34.065  INFO 47099 --- [Thread-42] client-thread Col                        : issues command: 'move 25'
2024-02-24 17:07:29.533  INFO 47099 --- [Thread-41] client-thread Gus                        : issues command: 'move 30'
2024-02-24 17:08:19.554  INFO 47099 --- [Thread-41] game [9,Col,Gus]                         : winner: Col; Player disconnected
2024-02-24 17:08:27.791  INFO 47099 --- [main] main                                     : new client connected from /127.0.0.1:51662
2024-02-24 17:08:30.802  INFO 47099 --- [main] main                                     : new client connected from /127.0.0.1:51666
2024-02-24 17:08:33.678  INFO 47099 --- [Thread-49] client-thread <not logged in>            : issues command: 'login Col'
2024-02-24 17:08:33.678  INFO 47099 --- [Thread-49] login-command                            : reviving Col from offline player list! Welcome back.
2024-02-24 17:08:34.823  INFO 47099 --- [Thread-49] client-thread Col                        : issues command: 'subscribe battleship'
2024-02-24 17:08:37.393  INFO 47099 --- [Thread-48] client-thread <not logged in>            : issues command: 'login gus'
2024-02-24 17:08:37.394  INFO 47099 --- [Thread-48] client-thread <not logged in>            : command exception: 'cannot revive you, please change your name to 'Gus' again'
2024-02-24 17:08:40.206  INFO 47099 --- [Thread-48] client-thread <not logged in>            : issues command: 'login Gus'
2024-02-24 17:08:40.208  INFO 47099 --- [Thread-48] login-command                            : reviving Gus from offline player list! Welcome back.
2024-02-24 17:08:41.384  INFO 47099 --- [Thread-48] client-thread Gus                        : issues command: 'subscribe battleship'
2024-02-24 17:08:41.391  INFO 47099 --- [Thread-48] game [10,Col,Gus]                        : started
2024-02-24 17:08:47.196  INFO 47099 --- [Thread-49] client-thread Col                        : issues command: 'place 10 15'
2024-02-24 17:08:52.293  INFO 47099 --- [Thread-49] client-thread Col                        : issues command: 'place 41 44'
2024-02-24 17:08:56.352  INFO 47099 --- [Thread-49] client-thread Col                        : issues command: 'place 27 29'
2024-02-24 17:09:05.016  INFO 47099 --- [Thread-49] client-thread Col                        : issues command: 'place 24 25'
2024-02-24 17:09:19.477  INFO 47099 --- [Thread-48] client-thread Gus                        : issues command: 'place 10 15'
2024-02-24 17:09:24.174  INFO 47099 --- [Thread-48] client-thread Gus                        : issues command: 'place 41 44'
2024-02-24 17:09:28.738  INFO 47099 --- [Thread-48] client-thread Gus                        : issues command: 'place 27 29'
2024-02-24 17:09:32.351  INFO 47099 --- [Thread-48] client-thread Gus                        : issues command: 'place 24 25'
2024-02-24 17:09:47.555  INFO 47099 --- [Thread-49] client-thread Col                        : issues command: 'move 25'
2024-02-24 17:09:52.364  INFO 47099 --- [Thread-48] client-thread Gus                        : issues command: 'move 30'
2024-02-24 17:26:32.384  INFO 47099 --- [Timer-31] game [10,Col,Gus]                        : winner: Gus; Turn timelimit reached
2024-02-24 17:35:56.940  INFO 47099 --- [MessageBroker-6] o.s.w.s.c.WebSocketMessageBrokerStats    : WebSocketSession[1 current WS(1)-HttpStream(0)-HttpPoll(0), 1 total, 0 closed abnormally (0 connect failure, 0 send limit, 0 transport error)], stompSubProtocol[processed CONNECT(1)-CONNECTED(1)-DISCONNECT(0)], stompBrokerRelay[null], inboundChannel[pool size = 0, active threads = 0, queued tasks = 0, completed tasks = 72], outboundChannel[pool size = 0, active threads = 0, queued tasks = 0, completed tasks = 87], sockJsScheduler[pool size = 8, active threads = 1, queued tasks = 2, completed tasks = 7747]
2024-02-24 18:08:13.340  INFO 47099 --- [main] main                                     : new client connected from /127.0.0.1:52557
2024-02-24 18:08:22.183  INFO 47099 --- [main] main                                     : new client connected from /127.0.0.1:52563
2024-02-24 18:08:25.544  INFO 47099 --- [Thread-56] client-thread <not logged in>            : issues command: 'login Gustavo'
2024-02-24 18:08:25.549  INFO 47099 --- [Thread-56] login-command                            : reviving Gustavo from offline player list! Welcome back.
2024-02-24 18:08:27.127  INFO 47099 --- [Thread-56] client-thread Gustavo                    : issues command: 'subscribe battleship'
2024-02-24 18:08:29.846  INFO 47099 --- [Thread-55] client-thread <not logged in>            : issues command: 'login Ewoud'
2024-02-24 18:08:29.847  INFO 47099 --- [Thread-55] login-command                            : reviving Ewoud from offline player list! Welcome back.
2024-02-24 18:08:31.156  INFO 47099 --- [Thread-55] client-thread Ewoud                      : issues command: 'subscribe battleship'
2024-02-24 18:08:31.170  INFO 47099 --- [Thread-55] game [11,Ewoud,Gustavo]                  : started
2024-02-24 18:08:40.756  INFO 47099 --- [Thread-55] client-thread Ewoud                      : issues command: 'place 10 15'
2024-02-24 18:08:43.193  INFO 47099 --- [MessageBroker-3] o.s.w.s.c.WebSocketMessageBrokerStats    : WebSocketSession[1 current WS(1)-HttpStream(0)-HttpPoll(0), 1 total, 0 closed abnormally (0 connect failure, 0 send limit, 0 transport error)], stompSubProtocol[processed CONNECT(1)-CONNECTED(1)-DISCONNECT(0)], stompBrokerRelay[null], inboundChannel[pool size = 0, active threads = 0, queued tasks = 0, completed tasks = 72], outboundChannel[pool size = 6, active threads = 0, queued tasks = 0, completed tasks = 93], sockJsScheduler[pool size = 8, active threads = 1, queued tasks = 2, completed tasks = 8179]
2024-02-24 18:08:46.276  INFO 47099 --- [Thread-55] client-thread Ewoud                      : issues command: 'place 41 44'
2024-02-24 18:08:51.184  INFO 47099 --- [Thread-55] client-thread Ewoud                      : issues command: 'place 27 29'
2024-02-24 18:08:54.705  INFO 47099 --- [Thread-55] client-thread Ewoud                      : issues command: 'place 24 25'
2024-02-24 18:09:03.597  INFO 47099 --- [Thread-56] client-thread Gustavo                    : issues command: 'place 10 15'
2024-02-24 18:09:09.715  INFO 47099 --- [Thread-56] client-thread Gustavo                    : issues command: 'place 41 44'
2024-02-24 18:09:16.121  INFO 47099 --- [Thread-56] client-thread Gustavo                    : issues command: 'place 27 29'
2024-02-24 18:09:22.035  INFO 47099 --- [Thread-56] client-thread Gustavo                    : issues command: 'place 24 25'
2024-02-24 18:09:27.348  INFO 47099 --- [Thread-55] client-thread Ewoud                      : issues command: 'move 25'
2024-02-24 18:09:51.997  INFO 47099 --- [Thread-56] client-thread Gustavo                    : issues command: 'move 30'
2024-02-24 18:09:52.358  WARN 47099 --- [Thread-55] client-thread Ewoud                      : Server exception: Connection reset, disconnecting client
2024-02-24 18:09:52.360  INFO 47099 --- [Thread-55] game [11,Ewoud,Gustavo]                  : winner: Gustavo; Player disconnected
2024-02-24 18:14:31.111  INFO 47099 --- [main] main                                     : new client connected from /127.0.0.1:52619
2024-02-24 18:14:51.548  INFO 47099 --- [Thread-62] client-thread <not logged in>            : issues command: 'login G'
2024-02-24 18:14:52.856  INFO 47099 --- [Thread-62] client-thread G                          : issues command: 'subscribe battleship'
2024-02-24 18:14:59.672  INFO 47099 --- [main] main                                     : new client connected from /127.0.0.1:52629
2024-02-24 18:15:01.985  INFO 47099 --- [Thread-63] client-thread <not logged in>            : issues command: 'login C'
2024-02-24 18:15:02.705  INFO 47099 --- [Thread-63] client-thread C                          : issues command: 'subscribe battleship'
2024-02-24 18:15:02.713  INFO 47099 --- [Thread-63] game [12,G,C]                            : started
2024-02-24 18:15:11.026  INFO 47099 --- [Thread-62] client-thread G                          : issues command: 'place 10 15'
2024-02-24 18:15:16.278  INFO 47099 --- [Thread-62] client-thread G                          : issues command: 'place 41 44'
2024-02-24 18:15:20.308  INFO 47099 --- [Thread-62] client-thread G                          : issues command: 'place 27 29'
2024-02-24 18:15:23.376  INFO 47099 --- [Thread-62] client-thread G                          : issues command: 'place 24 25'
2024-02-24 18:15:29.447  INFO 47099 --- [Thread-63] client-thread C                          : issues command: 'place 10 15'
2024-02-24 18:15:35.517  INFO 47099 --- [Thread-63] client-thread C                          : issues command: 'place 41 44'
2024-02-24 18:15:39.352  INFO 47099 --- [Thread-63] client-thread C                          : issues command: 'place 27 29'
2024-02-24 18:15:43.986  INFO 47099 --- [Thread-63] client-thread C                          : issues command: 'place 24 25'
2024-02-24 18:15:49.431  INFO 47099 --- [Thread-62] client-thread G                          : issues command: 'move 25'
2024-02-24 18:17:00.256  INFO 47099 --- [Thread-63] client-thread C                          : issues command: 'move 30'
2024-02-24 18:17:09.049  INFO 47099 --- [Thread-62] client-thread G                          : issues command: 'move 25'
2024-02-24 18:17:09.051  INFO 47099 --- [Thread-62] game [12,G,C]                            : winner: C; Player shot a place twice
2024-02-24 18:17:12.631  INFO 47099 --- [Thread-62] client-thread G                          : issues command: 'move 25'
2024-02-24 18:17:12.633  INFO 47099 --- [Thread-62] client-thread G                          : command exception: 'Player is not in a match currently'
2024-02-24 18:17:14.251  INFO 47099 --- [Thread-62] client-thread G                          : issues command: 'move 25'
2024-02-24 18:17:14.253  INFO 47099 --- [Thread-62] client-thread G                          : command exception: 'Player is not in a match currently'
2024-02-24 18:18:44.679  WARN 47099 --- [Thread-62] client-thread G                          : Server exception: Connection reset, disconnecting client
2024-02-24 18:18:51.789  INFO 47099 --- [main] main                                     : new client connected from /127.0.0.1:52666
2024-02-24 18:18:54.540  INFO 47099 --- [main] main                                     : new client connected from /127.0.0.1:52671
2024-02-24 18:18:57.965  INFO 47099 --- [Thread-70] client-thread <not logged in>            : issues command: 'login GUS'
2024-02-24 18:18:57.966  INFO 47099 --- [Thread-70] client-thread <not logged in>            : command exception: 'cannot revive you, please change your name to 'Gus' again'
2024-02-24 18:19:01.816  INFO 47099 --- [Thread-70] client-thread <not logged in>            : issues command: 'login Gus'
2024-02-24 18:19:01.818  INFO 47099 --- [Thread-70] login-command                            : reviving Gus from offline player list! Welcome back.
2024-02-24 18:19:03.429  INFO 47099 --- [Thread-70] client-thread Gus                        : issues command: 'subscribe battleship'
2024-02-24 18:19:05.835  INFO 47099 --- [Thread-69] client-thread <not logged in>            : issues command: 'login Ew'
2024-02-24 18:19:05.835  INFO 47099 --- [Thread-69] login-command                            : reviving Ew from offline player list! Welcome back.
2024-02-24 18:19:07.500  INFO 47099 --- [Thread-69] client-thread Ew                         : issues command: 'subscribe battleship'
2024-02-24 18:19:07.503  INFO 47099 --- [Thread-69] game [13,Ew,Gus]                         : started
2024-02-24 18:19:10.710  INFO 47099 --- [Thread-69] client-thread Ew                         : issues command: 'place 10 15'
2024-02-24 18:19:15.985  INFO 47099 --- [Thread-69] client-thread Ew                         : issues command: 'place 41 44'
2024-02-24 18:19:18.272  INFO 47099 --- [Thread-69] client-thread Ew                         : issues command: 'place 27 29'
2024-02-24 18:19:21.873  INFO 47099 --- [Thread-69] client-thread Ew                         : issues command: 'place 24 25'
2024-02-24 18:19:28.514  INFO 47099 --- [Thread-70] client-thread Gus                        : issues command: 'place 10 15'
2024-02-24 18:19:35.032  INFO 47099 --- [Thread-70] client-thread Gus                        : issues command: 'place 41 44'
2024-02-24 18:19:38.688  INFO 47099 --- [Thread-70] client-thread Gus                        : issues command: 'place 27 29'
2024-02-24 18:19:48.577  INFO 47099 --- [Thread-70] client-thread Gus                        : issues command: 'place 24 25'
2024-02-24 18:19:53.658  INFO 47099 --- [Thread-69] client-thread Ew                         : issues command: 'move 25'
2024-02-24 18:20:11.400  INFO 47099 --- [Thread-70] client-thread Gus                        : issues command: 'move 30'
2024-02-24 18:20:19.434  INFO 47099 --- [Thread-69] client-thread Ew                         : issues command: 'move 24'
2024-02-24 18:20:34.349  INFO 47099 --- [Thread-70] client-thread Gus                        : issues command: 'move 25'
2024-02-24 18:20:44.196  INFO 47099 --- [Thread-69] client-thread Ew                         : issues command: 'move 10'
2024-02-24 18:20:56.635  INFO 47099 --- [Thread-70] client-thread Gus                        : issues command: 'move 0'
2024-02-24 18:21:29.845  INFO 47099 --- [Thread-69] client-thread Ew                         : issues command: 'move 11'
2024-02-24 18:21:38.131  INFO 47099 --- [Thread-70] client-thread Gus                        : issues command: 'move 25'
2024-02-24 18:21:38.131  INFO 47099 --- [Thread-70] game [13,Ew,Gus]                         : winner: Ew; Player shot a place twice
2024-02-24 18:22:14.706  WARN 47099 --- [Thread-70] client-thread Gus                        : Server exception: Connection reset, disconnecting client
2024-02-24 18:32:58.000  INFO 47099 --- [main] main                                     : new client connected from /127.0.0.1:52867
2024-02-24 18:33:00.594  INFO 47099 --- [main] main                                     : new client connected from /127.0.0.1:52873
2024-02-24 18:33:03.954  INFO 47099 --- [Thread-82] client-thread <not logged in>            : issues command: 'login G'
2024-02-24 18:33:03.957  INFO 47099 --- [Thread-82] login-command                            : reviving G from offline player list! Welcome back.
2024-02-24 18:33:04.999  INFO 47099 --- [Thread-82] client-thread G                          : issues command: 'subscribe battleship'
2024-02-24 18:33:08.947  INFO 47099 --- [Thread-81] client-thread <not logged in>            : issues command: 'login E'
2024-02-24 18:33:09.997  INFO 47099 --- [Thread-81] client-thread E                          : issues command: 'subscribe battleship'
2024-02-24 18:33:10.008  INFO 47099 --- [Thread-81] game [14,E,G]                            : started
2024-02-24 18:33:13.169  INFO 47099 --- [Thread-81] client-thread E                          : issues command: 'place 10 15'
2024-02-24 18:33:20.922  INFO 47099 --- [Thread-81] client-thread E                          : issues command: 'place 41 44'
2024-02-24 18:33:26.553  INFO 47099 --- [Thread-81] client-thread E                          : issues command: 'place 27 29'
2024-02-24 18:33:29.326  INFO 47099 --- [Thread-81] client-thread E                          : issues command: 'place 24 25'
2024-02-24 18:33:39.539  INFO 47099 --- [Thread-82] client-thread G                          : issues command: 'place 10 15'
2024-02-24 18:33:45.259  INFO 47099 --- [Thread-82] client-thread G                          : issues command: 'place 41 44'
2024-02-24 18:33:50.697  INFO 47099 --- [Thread-82] client-thread G                          : issues command: 'place 27 29'
2024-02-24 18:33:54.009  INFO 47099 --- [Thread-82] client-thread G                          : issues command: 'place 24 25'
2024-02-24 18:34:08.056  INFO 47099 --- [Thread-81] client-thread E                          : issues command: 'move 25'
2024-02-24 18:35:28.145  INFO 47099 --- [Thread-82] client-thread G                          : issues command: 'move 41'
2024-02-24 18:36:35.027  INFO 47099 --- [Thread-81] client-thread E                          : issues command: 'move 24'
2024-02-24 18:38:43.223  INFO 47099 --- [MessageBroker-2] o.s.w.s.c.WebSocketMessageBrokerStats    : WebSocketSession[1 current WS(1)-HttpStream(0)-HttpPoll(0), 1 total, 0 closed abnormally (0 connect failure, 0 send limit, 0 transport error)], stompSubProtocol[processed CONNECT(1)-CONNECTED(1)-DISCONNECT(0)], stompBrokerRelay[null], inboundChannel[pool size = 0, active threads = 0, queued tasks = 0, completed tasks = 90], outboundChannel[pool size = 0, active threads = 0, queued tasks = 0, completed tasks = 134], sockJsScheduler[pool size = 8, active threads = 1, queued tasks = 2, completed tasks = 8601]
2024-02-24 18:44:37.569  INFO 47099 --- [Thread-81] game [14,E,G]                            : winner: G; Player disconnected
2024-02-24 18:44:38.910  WARN 47099 --- [Thread-82] client-thread G                          : Server exception: Connection reset, disconnecting client
2024-02-24 19:08:43.269  INFO 47099 --- [MessageBroker-2] o.s.w.s.c.WebSocketMessageBrokerStats    : WebSocketSession[1 current WS(1)-HttpStream(0)-HttpPoll(0), 1 total, 0 closed abnormally (0 connect failure, 0 send limit, 0 transport error)], stompSubProtocol[processed CONNECT(1)-CONNECTED(1)-DISCONNECT(0)], stompBrokerRelay[null], inboundChannel[pool size = 0, active threads = 0, queued tasks = 0, completed tasks = 90], outboundChannel[pool size = 0, active threads = 0, queued tasks = 0, completed tasks = 139], sockJsScheduler[pool size = 8, active threads = 1, queued tasks = 2, completed tasks = 9033]
2024-02-24 19:27:53.403  INFO 47099 --- [main] main                                     : new client connected from /127.0.0.1:53382
2024-02-24 19:27:55.896  INFO 47099 --- [main] main                                     : new client connected from /127.0.0.1:53386
2024-02-24 19:27:59.256  INFO 47099 --- [Thread-89] client-thread <not logged in>            : issues command: 'login G'
2024-02-24 19:27:59.259  INFO 47099 --- [Thread-89] login-command                            : reviving G from offline player list! Welcome back.
2024-02-24 19:28:00.596  INFO 47099 --- [Thread-89] client-thread G                          : issues command: 'subscribe battleship'
2024-02-24 19:28:04.996  INFO 47099 --- [Thread-90] client-thread <not logged in>            : issues command: 'login E'
2024-02-24 19:28:04.997  INFO 47099 --- [Thread-90] login-command                            : reviving E from offline player list! Welcome back.
2024-02-24 19:28:08.142  INFO 47099 --- [Thread-90] client-thread E                          : issues command: 'subscribe battleship'
2024-02-24 19:28:08.159  INFO 47099 --- [Thread-90] game [15,G,E]                            : started
2024-02-24 19:28:56.573  INFO 47099 --- [Thread-89] client-thread G                          : issues command: 'place 10 15'
2024-02-24 19:29:04.474  INFO 47099 --- [Thread-89] client-thread G                          : issues command: 'place 41 44'
2024-02-24 19:29:07.232  INFO 47099 --- [Thread-89] client-thread G                          : issues command: 'place 27 29'
2024-02-24 19:29:10.023  INFO 47099 --- [Thread-89] client-thread G                          : issues command: 'place 24 25'
2024-02-24 19:29:17.542  INFO 47099 --- [Thread-90] client-thread E                          : issues command: 'place 10 15'
2024-02-24 19:29:21.735  INFO 47099 --- [Thread-90] client-thread E                          : issues command: 'place 41 44'
2024-02-24 19:29:24.228  INFO 47099 --- [Thread-90] client-thread E                          : issues command: 'place 27 29'
2024-02-24 19:29:29.021  INFO 47099 --- [Thread-90] client-thread E                          : issues command: 'place 24 25'
2024-02-24 19:29:34.774  INFO 47099 --- [Thread-89] client-thread G                          : issues command: 'move 25'
2024-02-24 19:29:42.710  INFO 47099 --- [Thread-90] client-thread E                          : issues command: 'move 10'
2024-02-24 19:29:48.613  INFO 47099 --- [Thread-89] client-thread G                          : issues command: 'move 25'
2024-02-24 19:29:48.615  INFO 47099 --- [Thread-89] game [15,G,E]                            : winner: E; Player shot a place twice
2024-02-24 19:38:43.304  INFO 47099 --- [MessageBroker-3] o.s.w.s.c.WebSocketMessageBrokerStats    : WebSocketSession[1 current WS(1)-HttpStream(0)-HttpPoll(0), 1 total, 0 closed abnormally (0 connect failure, 0 send limit, 0 transport error)], stompSubProtocol[processed CONNECT(1)-CONNECTED(1)-DISCONNECT(0)], stompBrokerRelay[null], inboundChannel[pool size = 0, active threads = 0, queued tasks = 0, completed tasks = 186], outboundChannel[pool size = 0, active threads = 0, queued tasks = 0, completed tasks = 159], sockJsScheduler[pool size = 8, active threads = 1, queued tasks = 2, completed tasks = 9464]
2024-02-24 19:43:31.688  INFO 47099 --- [main] main                                     : new client connected from /127.0.0.1:53579
2024-02-24 19:43:34.819  WARN 47099 --- [Thread-89] client-thread G                          : Server exception: Connection reset, disconnecting client
2024-02-24 19:43:38.146  INFO 47099 --- [Thread-96] client-thread <not logged in>            : issues command: 'login Gus'
2024-02-24 19:43:38.147  INFO 47099 --- [Thread-96] login-command                            : reviving Gus from offline player list! Welcome back.
2024-02-24 19:43:39.919  INFO 47099 --- [Thread-96] client-thread Gus                        : issues command: 'subscribe battleship'
2024-02-24 19:43:45.233  INFO 47099 --- [main] main                                     : new client connected from /127.0.0.1:53584
2024-02-24 19:43:49.569  INFO 47099 --- [Thread-97] client-thread <not logged in>            : issues command: 'login Ewoud'
2024-02-24 19:43:49.570  INFO 47099 --- [Thread-97] login-command                            : reviving Ewoud from offline player list! Welcome back.
2024-02-24 19:43:50.816  INFO 47099 --- [Thread-97] client-thread Ewoud                      : issues command: 'subscribe battleship'
2024-02-24 19:43:50.841  INFO 47099 --- [Thread-97] game [16,Gus,Ewoud]                      : started
2024-02-24 19:44:00.480  INFO 47099 --- [Thread-96] client-thread Gus                        : issues command: 'place 10 15'
2024-02-24 19:44:14.221  INFO 47099 --- [Thread-96] client-thread Gus                        : issues command: 'place 41 44'
2024-02-24 19:44:16.415  INFO 47099 --- [Thread-96] client-thread Gus                        : issues command: 'place 27 29'
2024-02-24 19:44:19.580  INFO 47099 --- [Thread-96] client-thread Gus                        : issues command: 'place 24 25'
2024-02-24 19:44:49.739  INFO 47099 --- [Thread-97] client-thread Ewoud                      : issues command: 'place 15 19'
2024-02-24 19:44:49.741  INFO 47099 --- [Thread-97] client-thread Ewoud                      : command exception: 'Invalid arguments'
2024-02-24 19:45:03.805  INFO 47099 --- [Thread-97] client-thread Ewoud                      : issues command: 'place 10 15'
2024-02-24 19:45:11.135  INFO 47099 --- [Thread-97] client-thread Ewoud                      : issues command: 'place 41 44'
2024-02-24 19:45:14.690  INFO 47099 --- [Thread-97] client-thread Ewoud                      : issues command: 'place 27 29'
2024-02-24 19:45:18.498  INFO 47099 --- [Thread-97] client-thread Ewoud                      : issues command: 'place 24 25'
2024-02-24 19:45:40.556  INFO 47099 --- [Thread-96] client-thread Gus                        : issues command: 'move 25'
2024-02-24 19:45:46.124  INFO 47099 --- [Thread-97] client-thread Ewoud                      : issues command: 'move 10'
2024-02-24 19:45:50.313  INFO 47099 --- [Thread-96] client-thread Gus                        : issues command: 'move 24'
2024-02-24 19:46:00.039  INFO 47099 --- [Thread-97] client-thread Ewoud                      : issues command: 'move 11'
2024-02-24 19:48:08.389  INFO 47099 --- [Thread-96] client-thread Gus                        : issues command: 'move 27'
2024-02-24 19:48:19.575  INFO 47099 --- [Thread-97] client-thread Ewoud                      : issues command: 'move 9'
2024-02-24 19:48:31.514  INFO 47099 --- [Thread-96] client-thread Gus                        : issues command: 'move 28'
2024-02-24 19:48:38.842  INFO 47099 --- [Thread-97] client-thread Ewoud                      : issues command: 'move 8'
2024-02-24 19:49:00.717  INFO 47099 --- [Thread-96] client-thread Gus                        : issues command: 'move 29'
2024-02-24 19:49:13.277  INFO 47099 --- [Thread-97] client-thread Ewoud                      : issues command: 'move 40'
2024-02-24 19:49:32.099  INFO 47099 --- [Thread-96] client-thread Gus                        : issues command: 'move 41'
2024-02-24 19:49:42.935  INFO 47099 --- [Thread-97] client-thread Ewoud                      : issues command: 'move 0'
2024-02-24 19:49:55.048  INFO 47099 --- [Thread-96] client-thread Gus                        : issues command: 'move 42'
2024-02-24 19:50:02.090  INFO 47099 --- [Thread-97] client-thread Ewoud                      : issues command: 'move 41'
2024-02-24 19:50:09.310  INFO 47099 --- [Thread-96] client-thread Gus                        : issues command: 'move 43'
2024-02-24 19:50:18.277  INFO 47099 --- [Thread-97] client-thread Ewoud                      : issues command: 'move 63'
2024-02-24 19:50:26.151  INFO 47099 --- [Thread-96] client-thread Gus                        : issues command: 'move 44'
2024-02-24 19:50:39.350  INFO 47099 --- [Thread-97] client-thread Ewoud                      : issues command: 'move 24'
2024-02-24 19:50:49.540  INFO 47099 --- [Thread-96] client-thread Gus                        : issues command: 'move 10'
2024-02-24 19:50:57.281  INFO 47099 --- [Thread-97] client-thread Ewoud                      : issues command: 'move 25'
2024-02-24 19:51:19.905  INFO 47099 --- [Thread-96] client-thread Gus                        : issues command: 'move 11'
2024-02-24 19:51:27.957  INFO 47099 --- [Thread-97] client-thread Ewoud                      : issues command: 'move 26'
2024-02-24 19:51:40.873  INFO 47099 --- [Thread-96] client-thread Gus                        : issues command: 'move 12'
2024-02-24 19:51:52.299  INFO 47099 --- [Thread-97] client-thread Ewoud                      : issues command: 'move 56'
2024-02-24 19:51:57.087  INFO 47099 --- [Thread-96] client-thread Gus                        : issues command: 'move 13'
2024-02-24 19:52:02.448  INFO 47099 --- [Thread-97] client-thread Ewoud                      : issues command: 'move 37'
2024-02-24 19:52:23.997  INFO 47099 --- [Thread-96] client-thread Gus                        : issues command: 'move 14'
2024-02-24 19:52:34.293  INFO 47099 --- [Thread-97] client-thread Ewoud                      : issues command: 'move 7'
2024-02-24 19:52:39.815  INFO 47099 --- [Thread-96] client-thread Gus                        : issues command: 'move 15'
2024-02-24 19:52:39.820  INFO 47099 --- [Thread-96] game [16,Gus,Ewoud]                      : winner: Gus; Alle boten neergeschoten
