2024-02-25 18:25:25.705  INFO 56175 --- [main] nl.hanze.newgameserver.Main              : Starting Main on Gustavos-MacBook-Pro.local with PID 56175 (/Users/gustavocostaaraujo/Documents/College/2ᵉ Jaar/Intelligente systemen I & II/Project Intelligente Systemen I & II/ISY-Carioca-ITVC2S1/Server/zeeslag release v1/newgameserver-battleship-release-V1.jar started by gustavocostaaraujo in /Users/gustavocostaaraujo/Documents/College/2ᵉ Jaar/Intelligente systemen I & II/Project Intelligente Systemen I & II/ISY-Carioca-ITVC2S1)
2024-02-25 18:25:25.711  INFO 56175 --- [main] nl.hanze.newgameserver.Main              : No active profile set, falling back to default profiles: default
2024-02-25 18:25:27.647  INFO 56175 --- [main] o.s.b.w.embedded.tomcat.TomcatWebServer  : Tomcat initialized with port(s): 8081 (http)
2024-02-25 18:25:27.674  INFO 56175 --- [main] o.apache.catalina.core.StandardService   : Starting service [Tomcat]
2024-02-25 18:25:27.675  INFO 56175 --- [main] org.apache.catalina.core.StandardEngine  : Starting Servlet engine: [Apache Tomcat/9.0.39]
2024-02-25 18:25:27.806  INFO 56175 --- [main] o.a.c.c.C.[Tomcat].[localhost].[/]       : Initializing Spring embedded WebApplicationContext
2024-02-25 18:25:27.807  INFO 56175 --- [main] w.s.c.ServletWebServerApplicationContext : Root WebApplicationContext: initialization completed in 1968 ms
2024-02-25 18:25:27.976  INFO 56175 --- [main] o.s.s.concurrent.ThreadPoolTaskExecutor  : Initializing ExecutorService 'clientInboundChannelExecutor'
2024-02-25 18:25:27.980  INFO 56175 --- [main] o.s.s.concurrent.ThreadPoolTaskExecutor  : Initializing ExecutorService 'clientOutboundChannelExecutor'
2024-02-25 18:25:28.002  INFO 56175 --- [main] o.s.s.c.ThreadPoolTaskScheduler          : Initializing ExecutorService 'messageBrokerTaskScheduler'
2024-02-25 18:25:28.069  INFO 56175 --- [main] o.s.s.concurrent.ThreadPoolTaskExecutor  : Initializing ExecutorService 'brokerChannelExecutor'
2024-02-25 18:25:28.762  INFO 56175 --- [main] o.s.b.a.w.s.WelcomePageHandlerMapping    : Adding welcome page: class path resource [public/index.html]
2024-02-25 18:25:28.902  INFO 56175 --- [main] o.s.b.w.embedded.tomcat.TomcatWebServer  : Tomcat started on port(s): 8081 (http) with context path ''
2024-02-25 18:25:28.903  INFO 56175 --- [main] o.s.m.s.b.SimpleBrokerMessageHandler     : Starting...
2024-02-25 18:25:28.904  INFO 56175 --- [main] o.s.m.s.b.SimpleBrokerMessageHandler     : BrokerAvailabilityEvent[available=true, SimpleBrokerMessageHandler [DefaultSubscriptionRegistry[cache[0 destination(s)], registry[0 sessions]]]]
2024-02-25 18:25:28.904  INFO 56175 --- [main] o.s.m.s.b.SimpleBrokerMessageHandler     : Started.
2024-02-25 18:25:28.922  INFO 56175 --- [main] nl.hanze.newgameserver.Main              : Started Main in 4.206 seconds (JVM running for 5.343)
2024-02-25 18:25:28.931  INFO 56175 --- [main] main                                     : gameserver is now listening on port 7789
2024-02-25 18:25:54.101  INFO 56175 --- [main] main                                     : new client connected from /127.0.0.1:61290
2024-02-25 18:26:28.073  INFO 56175 --- [MessageBroker-1] o.s.w.s.c.WebSocketMessageBrokerStats    : WebSocketSession[0 current WS(0)-HttpStream(0)-HttpPoll(0), 0 total, 0 closed abnormally (0 connect failure, 0 send limit, 0 transport error)], stompSubProtocol[processed CONNECT(0)-CONNECTED(0)-DISCONNECT(0)], stompBrokerRelay[null], inboundChannel[pool size = 0, active threads = 0, queued tasks = 0, completed tasks = 0], outboundChannel[pool size = 0, active threads = 0, queued tasks = 0, completed tasks = 0], sockJsScheduler[pool size = 1, active threads = 1, queued tasks = 0, completed tasks = 0]
2024-02-25 18:26:34.906  INFO 56175 --- [SpringContextShutdownHook] o.s.m.s.b.SimpleBrokerMessageHandler     : Stopping...
2024-02-25 18:26:34.907  INFO 56175 --- [SpringContextShutdownHook] o.s.m.s.b.SimpleBrokerMessageHandler     : BrokerAvailabilityEvent[available=false, SimpleBrokerMessageHandler [DefaultSubscriptionRegistry[cache[0 destination(s)], registry[0 sessions]]]]
2024-02-25 18:26:34.908  INFO 56175 --- [SpringContextShutdownHook] o.s.m.s.b.SimpleBrokerMessageHandler     : Stopped.
2024-02-25 18:26:34.996  INFO 56175 --- [SpringContextShutdownHook] o.s.s.concurrent.ThreadPoolTaskExecutor  : Shutting down ExecutorService 'brokerChannelExecutor'
2024-02-25 18:26:34.997  INFO 56175 --- [SpringContextShutdownHook] o.s.s.c.ThreadPoolTaskScheduler          : Shutting down ExecutorService 'messageBrokerTaskScheduler'
2024-02-25 18:26:34.998  INFO 56175 --- [SpringContextShutdownHook] o.s.s.concurrent.ThreadPoolTaskExecutor  : Shutting down ExecutorService 'clientOutboundChannelExecutor'
2024-02-25 18:26:34.998  INFO 56175 --- [SpringContextShutdownHook] o.s.s.concurrent.ThreadPoolTaskExecutor  : Shutting down ExecutorService 'clientInboundChannelExecutor'
